# JRE version: Java(TM) SE Runtime Environment (23.0+37) (build 23+37-2369)
# Java VM: Java HotSpot(TM) 64-Bit Server VM (23+37-2369, mixed mode, sharing, tiered, compressed oops, compressed class ptrs, g1 gc, windows-amd64)
GC Precious Log:
 CardTable entry size: 512
 Card Set container configuration: InlinePtr #cards 4 size 8 Array Of Cards #cards 16 size 48 Howl #buckets 8 coarsen threshold 3686 Howl Bitmap #cards 512 size 80 coarsen threshold 460 Card regions per heap region 1 cards per card region 4096
 CPUs: 12 total, 12 available
 Memory: 14188M
 Large Page Support: Disabled
 NUMA Support: Disabled
 Compressed Oops: Enabled (Zero based)
 Heap Region Size: 2M
 Heap Min Capacity: 8M
 Heap Initial Capacity: 222M
 Heap Max Capacity: 3548M
 Pre-touch: Disabled
 Parallel Workers: 10
 Concurrent Workers: 3
 Concurrent Refinement Workers: 10
 Periodic GC: Disabled
Heap:
 garbage-first heap   total reserved 3633152K, committed 131072K, used 104842K [0x0000000722400000, 0x0000000800000000)
  region size 2048K, 30 young (61440K), 2 survivors (4096K)
 Metaspace       used 93645K, committed 94592K, reserved 1179648K
  class space    used 13414K, committed 13824K, reserved 1048576K
GC Heap History (20 events):
Event: 6.740 GC heap after
{Heap after GC invocations=11 (full 0):
 garbage-first heap   total reserved 3633152K, committed 55296K, used 24248K [0x0000000722400000, 0x0000000800000000)
  region size 2048K, 2 young (4096K), 2 survivors (4096K)
 Metaspace       used 45892K, committed 46464K, reserved 1114112K
  class space    used 6358K, committed 6592K, reserved 1048576K
}
Event: 7.698 GC heap before
{Heap before GC invocations=11 (full 0):
 garbage-first heap   total reserved 3633152K, committed 55296K, used 44728K [0x0000000722400000, 0x0000000800000000)
  region size 2048K, 12 young (24576K), 2 survivors (4096K)
 Metaspace       used 55090K, committed 55680K, reserved 1114112K
  class space    used 7491K, committed 7744K, reserved 1048576K
}
Event: 7.705 GC heap after
{Heap after GC invocations=12 (full 0):
 garbage-first heap   total reserved 3633152K, committed 141312K, used 26303K [0x0000000722400000, 0x0000000800000000)
  region size 2048K, 2 young (4096K), 2 survivors (4096K)
 Metaspace       used 55090K, committed 55680K, reserved 1114112K
  class space    used 7491K, committed 7744K, reserved 1048576K
}
Event: 8.319 GC heap before
{Heap before GC invocations=12 (full 0):
 garbage-first heap   total reserved 3633152K, committed 141312K, used 48831K [0x0000000722400000, 0x0000000800000000)
  region size 2048K, 14 young (28672K), 2 survivors (4096K)
 Metaspace       used 59873K, committed 60416K, reserved 1114112K
  class space    used 8108K, committed 8320K, reserved 1048576K
}
Event: 8.326 GC heap after
{Heap after GC invocations=13 (full 0):
 garbage-first heap   total reserved 3633152K, committed 141312K, used 27601K [0x0000000722400000, 0x0000000800000000)
  region size 2048K, 3 young (6144K), 3 survivors (6144K)
 Metaspace       used 59873K, committed 60416K, reserved 1114112K
  class space    used 8108K, committed 8320K, reserved 1048576K
}
Event: 9.849 GC heap before
{Heap before GC invocations=14 (full 0):
 garbage-first heap   total reserved 3633152K, committed 96256K, used 78801K [0x0000000722400000, 0x0000000800000000)
  region size 2048K, 28 young (57344K), 3 survivors (6144K)
 Metaspace       used 70668K, committed 71360K, reserved 1114112K
  class space    used 9876K, committed 10176K, reserved 1048576K
}
Event: 9.857 GC heap after
{Heap after GC invocations=15 (full 0):
 garbage-first heap   total reserved 3633152K, committed 96256K, used 31074K [0x0000000722400000, 0x0000000800000000)
  region size 2048K, 4 young (8192K), 4 survivors (8192K)
 Metaspace       used 70668K, committed 71360K, reserved 1114112K
  class space    used 9876K, committed 10176K, reserved 1048576K
}
Event: 10.748 GC heap before
{Heap before GC invocations=15 (full 0):
 garbage-first heap   total reserved 3633152K, committed 96256K, used 74082K [0x0000000722400000, 0x0000000800000000)
  region size 2048K, 25 young (51200K), 4 survivors (8192K)
 Metaspace       used 74918K, committed 75584K, reserved 1114112K
  class space    used 10580K, committed 10880K, reserved 1048576K
}
Event: 10.760 GC heap after
{Heap after GC invocations=16 (full 0):
 garbage-first heap   total reserved 3633152K, committed 96256K, used 33002K [0x0000000722400000, 0x0000000800000000)
  region size 2048K, 3 young (6144K), 3 survivors (6144K)
 Metaspace       used 74918K, committed 75584K, reserved 1114112K
  class space    used 10580K, committed 10880K, reserved 1048576K
}
Event: 11.094 GC heap before
{Heap before GC invocations=16 (full 0):
 garbage-first heap   total reserved 3633152K, committed 96256K, used 73962K [0x0000000722400000, 0x0000000800000000)
  region size 2048K, 24 young (49152K), 3 survivors (6144K)
 Metaspace       used 75461K, committed 76096K, reserved 1179648K
  class space    used 10651K, committed 10944K, reserved 1048576K
}
Event: 11.101 GC heap after
{Heap after GC invocations=17 (full 0):
 garbage-first heap   total reserved 3633152K, committed 96256K, used 34032K [0x0000000722400000, 0x0000000800000000)
  region size 2048K, 2 young (4096K), 2 survivors (4096K)
 Metaspace       used 75461K, committed 76096K, reserved 1179648K
  class space    used 10651K, committed 10944K, reserved 1048576K
}
Event: 11.708 GC heap before
{Heap before GC invocations=17 (full 0):
 garbage-first heap   total reserved 3633152K, committed 96256K, used 77040K [0x0000000722400000, 0x0000000800000000)
  region size 2048K, 24 young (49152K), 2 survivors (4096K)
 Metaspace       used 79351K, committed 80064K, reserved 1179648K
  class space    used 11394K, committed 11712K, reserved 1048576K
}
Event: 11.719 GC heap after
{Heap after GC invocations=18 (full 0):
 garbage-first heap   total reserved 3633152K, committed 96256K, used 38199K [0x0000000722400000, 0x0000000800000000)
  region size 2048K, 3 young (6144K), 3 survivors (6144K)
 Metaspace       used 79351K, committed 80064K, reserved 1179648K
  class space    used 11394K, committed 11712K, reserved 1048576K
}
Event: 11.815 GC heap before
{Heap before GC invocations=18 (full 0):
 garbage-first heap   total reserved 3633152K, committed 96256K, used 81207K [0x0000000722400000, 0x0000000800000000)
  region size 2048K, 24 young (49152K), 3 survivors (6144K)
 Metaspace       used 79361K, committed 80064K, reserved 1179648K
  class space    used 11394K, committed 11712K, reserved 1048576K
}
Event: 11.825 GC heap after
{Heap after GC invocations=19 (full 0):
 garbage-first heap   total reserved 3633152K, committed 96256K, used 43962K [0x0000000722400000, 0x0000000800000000)
  region size 2048K, 3 young (6144K), 3 survivors (6144K)
 Metaspace       used 79361K, committed 80064K, reserved 1179648K
  class space    used 11394K, committed 11712K, reserved 1048576K
}
Event: 11.903 GC heap before
{Heap before GC invocations=19 (full 0):
 garbage-first heap   total reserved 3633152K, committed 96256K, used 82874K [0x0000000722400000, 0x0000000800000000)
  region size 2048K, 22 young (45056K), 3 survivors (6144K)
 Metaspace       used 79368K, committed 80064K, reserved 1179648K
  class space    used 11394K, committed 11712K, reserved 1048576K
}
Event: 11.907 GC heap after
{Heap after GC invocations=20 (full 0):
 garbage-first heap   total reserved 3633152K, committed 131072K, used 43199K [0x0000000722400000, 0x0000000800000000)
  region size 2048K, 1 young (2048K), 1 survivors (2048K)
 Metaspace       used 79368K, committed 80064K, reserved 1179648K
  class space    used 11394K, committed 11712K, reserved 1048576K
}
Event: 16.174 GC heap before
{Heap before GC invocations=21 (full 0):
 garbage-first heap   total reserved 3633152K, committed 131072K, used 104639K [0x0000000722400000, 0x0000000800000000)
  region size 2048K, 31 young (63488K), 1 survivors (2048K)
 Metaspace       used 85451K, committed 86208K, reserved 1179648K
  class space    used 12328K, committed 12672K, reserved 1048576K
}
Event: 16.184 GC heap after
{Heap after GC invocations=22 (full 0):
 garbage-first heap   total reserved 3633152K, committed 131072K, used 47498K [0x0000000722400000, 0x0000000800000000)
  region size 2048K, 3 young (6144K), 3 survivors (6144K)
 Metaspace       used 85451K, committed 86208K, reserved 1179648K
  class space    used 12328K, committed 12672K, reserved 1048576K
}
Event: 294.053 GC heap before
{Heap before GC invocations=22 (full 0):
 garbage-first heap   total reserved 3633152K, committed 131072K, used 102794K [0x0000000722400000, 0x0000000800000000)
  region size 2048K, 31 young (63488K), 3 survivors (6144K)
 Metaspace       used 93645K, committed 94592K, reserved 1179648K
  class space    used 13414K, committed 13824K, reserved 1048576K
}

